android-app/app/build/intermediates/manifest_merge_blame_file/release/processReleaseMainManifest/manifest-merger-blame-release-report.txt
1<?xml version="1.0" encoding="utf-8"?>
2<manifest xmlns:android="http://schemas.android.com/apk/res/android"
3    package="com.shirurexpress.app"
4    android:versionCode="10"
5    android:versionName="1.0.9" >
6
7    <uses-sdk
8        android:minSdkVersion="24"
9        android:targetSdkVersion="36" />
10
11    <!-- Internet permission for WebView -->
12    <uses-permission android:name="android.permission.INTERNET" />
12-->src\main\AndroidManifest.xml:6:5-67
12-->src\main\AndroidManifest.xml:6:22-64
13    <uses-permission android:name="android.permission.ACCESS_NETWORK_STATE" />
13-->src\main\AndroidManifest.xml:7:5-79
13-->src\main\AndroidManifest.xml:7:22-76
14
15    <!-- Declare camera feature as optional -->
16    <uses-feature
16-->src\main\AndroidManifest.xml:10:5-85
17        android:name="android.hardware.camera"
17-->src\main\AndroidManifest.xml:10:19-57
18        android:required="false" />
18-->src\main\AndroidManifest.xml:10:58-82
19
20    <!-- Camera -->
21    <uses-permission android:name="android.permission.CAMERA" />
21-->src\main\AndroidManifest.xml:13:5-65
21-->src\main\AndroidManifest.xml:13:22-62
22
23    <!-- Geolocation -->
24    <uses-permission android:name="android.permission.ACCESS_FINE_LOCATION" />
24-->src\main\AndroidManifest.xml:16:5-79
24-->src\main\AndroidManifest.xml:16:22-76
25    <uses-permission android:name="android.permission.ACCESS_COARSE_LOCATION" />
25-->src\main\AndroidManifest.xml:17:5-81
25-->src\main\AndroidManifest.xml:17:22-78
26
27    <!-- Notifications & Ringing -->
28    <uses-permission android:name="android.permission.POST_NOTIFICATIONS" />
28-->src\main\AndroidManifest.xml:20:5-77
28-->src\main\AndroidManifest.xml:20:22-74
29    <uses-permission android:name="android.permission.WAKE_LOCK" />
29-->src\main\AndroidManifest.xml:21:5-68
29-->src\main\AndroidManifest.xml:21:22-65
30    <uses-permission android:name="android.permission.USE_FULL_SCREEN_INTENT" />
30-->src\main\AndroidManifest.xml:22:5-81
30-->src\main\AndroidManifest.xml:22:22-78
31    <uses-permission android:name="android.permission.SCHEDULE_EXACT_ALARM" />
31-->src\main\AndroidManifest.xml:23:5-79
31-->src\main\AndroidManifest.xml:23:22-76
32
33    <!-- Battery & Overlay Permissions for Reliable Ringing -->
34    <uses-permission android:name="android.permission.REQUEST_IGNORE_BATTERY_OPTIMIZATIONS" />
34-->src\main\AndroidManifest.xml:26:5-95
34-->src\main\AndroidManifest.xml:26:22-92
35    <uses-permission android:name="android.permission.SYSTEM_ALERT_WINDOW" />
35-->src\main\AndroidManifest.xml:27:5-78
35-->src\main\AndroidManifest.xml:27:22-75
36    <uses-permission android:name="com.google.android.gms.permission.AD_ID" />
36-->src\main\AndroidManifest.xml:29:5-79
36-->src\main\AndroidManifest.xml:29:22-76
37
38    <!-- Queries for UPI apps for Razorpay -->
39    <queries>
39-->src\main\AndroidManifest.xml:32:5-46:15
40        <package android:name="com.google.android.apps.nbu.paisa.user" />
40-->src\main\AndroidManifest.xml:33:9-74
40-->src\main\AndroidManifest.xml:33:18-71
41        <package android:name="com.phonepe.app" />
41-->src\main\AndroidManifest.xml:34:9-51
41-->src\main\AndroidManifest.xml:34:18-48
42        <package android:name="net.one97.paytm" />
42-->src\main\AndroidManifest.xml:35:9-51
42-->src\main\AndroidManifest.xml:35:18-48
43        <package android:name="com.whatsapp" />
43-->src\main\AndroidManifest.xml:36:9-48
43-->src\main\AndroidManifest.xml:36:18-45
44        <package android:name="in.org.npci.upiapp" />
44-->src\main\AndroidManifest.xml:37:9-54
44-->src\main\AndroidManifest.xml:37:18-51
45        <package android:name="com.freecharge.android" />
45-->src\main\AndroidManifest.xml:38:9-58
45-->src\main\AndroidManifest.xml:38:18-55
46        <package android:name="com.mobikwik_new" />
46-->src\main\AndroidManifest.xml:39:9-52
46-->src\main\AndroidManifest.xml:39:18-49
47        <package android:name="com.amazon.mShop.android.shopping" />
47-->src\main\AndroidManifest.xml:40:9-69
47-->src\main\AndroidManifest.xml:40:18-66
48        <package android:name="com.myairtelapp" />
48-->src\main\AndroidManifest.xml:41:9-51
48-->src\main\AndroidManifest.xml:41:18-48
49
50        <intent>
50-->src\main\AndroidManifest.xml:42:9-45:18
51            <action android:name="android.intent.action.VIEW" />
51-->src\main\AndroidManifest.xml:43:13-65
51-->src\main\AndroidManifest.xml:43:21-62
52
53            <data android:scheme="upi" />
53-->src\main\AndroidManifest.xml:44:13-42
53-->src\main\AndroidManifest.xml:44:19-39
54        </intent>
55
56        <package android:name="com.facebook.katana" />
56-->[com.facebook.android:facebook-common:17.0.2] AndroidManifest.xml:18:9-55
56-->[com.facebook.android:facebook-common:17.0.2] AndroidManifest.xml:18:18-52
57        <package android:name="my.com.tngdigital.ewallet" />
57-->[com.razorpay:customui-core:3.10.13] AndroidManifest.xml:11:9-61
57-->[com.razorpay:customui-core:3.10.13] AndroidManifest.xml:11:18-58
58
59        <intent>
59-->[com.razorpay:customui-core:3.10.13] AndroidManifest.xml:13:9-19:18
60            <action android:name="android.intent.action.VIEW" />
60-->src\main\AndroidManifest.xml:43:13-65
60-->src\main\AndroidManifest.xml:43:21-62
61
62            <data
62-->src\main\AndroidManifest.xml:44:13-42
63                android:mimeType="*/*"
64                android:scheme="*" />
64-->src\main\AndroidManifest.xml:44:19-39
65        </intent>
66        <intent>
66-->[com.razorpay:customui-core:3.10.13] AndroidManifest.xml:20:9-29:18
67            <action android:name="android.intent.action.VIEW" />
67-->src\main\AndroidManifest.xml:43:13-65
67-->src\main\AndroidManifest.xml:43:21-62
68
69            <category android:name="android.intent.category.BROWSABLE" />
69-->src\main\AndroidManifest.xml:82:17-78
69-->src\main\AndroidManifest.xml:82:27-75
70
71            <data
71-->src\main\AndroidManifest.xml:44:13-42
72                android:host="pay"
72-->src\main\AndroidManifest.xml:85:21-63
73                android:mimeType="*/*"
74                android:scheme="upi" />
74-->src\main\AndroidManifest.xml:44:19-39
75        </intent>
76        <intent>
76-->[com.razorpay:customui-core:3.10.13] AndroidManifest.xml:30:9-32:18
77            <action android:name="android.intent.action.MAIN" />
77-->src\main\AndroidManifest.xml:66:17-69
77-->src\main\AndroidManifest.xml:66:25-66
78        </intent>
79        <intent>
79-->[com.razorpay:customui-core:3.10.13] AndroidManifest.xml:33:9-37:18
80            <action android:name="android.intent.action.SEND" />
80-->[com.razorpay:customui-core:3.10.13] AndroidManifest.xml:34:13-65
80-->[com.razorpay:customui-core:3.10.13] AndroidManifest.xml:34:21-62
81
82            <data android:mimeType="*/*" />
82-->src\main\AndroidManifest.xml:44:13-42
83        </intent>
84    </queries>
85
86    <!-- Required by older versions of Google Play services to create IID tokens -->
87    <uses-permission android:name="com.google.android.c2dm.permission.RECEIVE" />
87-->[com.google.firebase:firebase-messaging:23.4.0] AndroidManifest.xml:26:5-82
87-->[com.google.firebase:firebase-messaging:23.4.0] AndroidManifest.xml:26:22-79
88
89    <uses-feature
89-->[com.google.android.gms:play-services-maps:17.0.0] AndroidManifest.xml:26:5-28:35
90        android:glEsVersion="0x00020000"
90-->[com.google.android.gms:play-services-maps:17.0.0] AndroidManifest.xml:27:9-41
91        android:required="true" />
91-->[com.google.android.gms:play-services-maps:17.0.0] AndroidManifest.xml:28:9-32
92
93    <uses-permission android:name="android.permission.ACCESS_ADSERVICES_ATTRIBUTION" />
93-->[com.google.android.gms:play-services-measurement-api:21.5.0] AndroidManifest.xml:26:5-88
93-->[com.google.android.gms:play-services-measurement-api:21.5.0] AndroidManifest.xml:26:22-85
94    <uses-permission android:name="android.permission.ACCESS_ADSERVICES_AD_ID" />
94-->[com.google.android.gms:play-services-measurement-api:21.5.0] AndroidManifest.xml:27:5-82
94-->[com.google.android.gms:play-services-measurement-api:21.5.0] AndroidManifest.xml:27:22-79
95    <uses-permission android:name="com.google.android.finsky.permission.BIND_GET_INSTALL_REFERRER_SERVICE" />
95-->[com.google.android.gms:play-services-measurement:21.5.0] AndroidManifest.xml:26:5-110
95-->[com.google.android.gms:play-services-measurement:21.5.0] AndroidManifest.xml:26:22-107
96
97    <permission
97-->[androidx.core:core:1.13.0] AndroidManifest.xml:22:5-24:47
98        android:name="com.shirurexpress.app.DYNAMIC_RECEIVER_NOT_EXPORTED_PERMISSION"
98-->[androidx.core:core:1.13.0] AndroidManifest.xml:23:9-81
99        android:protectionLevel="signature" />
99-->[androidx.core:core:1.13.0] AndroidManifest.xml:24:9-44
100
101    <uses-permission android:name="com.shirurexpress.app.DYNAMIC_RECEIVER_NOT_EXPORTED_PERMISSION" /> <!-- Normal permission, automatically granted on API 23+ -->
101-->[androidx.core:core:1.13.0] AndroidManifest.xml:26:5-97
101-->[androidx.core:core:1.13.0] AndroidManifest.xml:26:22-94
102    <uses-permission android:name="android.permission.READ_BASIC_PHONE_STATE" />
102-->[com.razorpay:core:1.0.16] AndroidManifest.xml:10:5-81
102-->[com.razorpay:core:1.0.16] AndroidManifest.xml:10:22-78
103
104    <application
104-->src\main\AndroidManifest.xml:48:5-128:19
105        android:allowBackup="true"
105-->src\main\AndroidManifest.xml:49:9-35
106        android:appComponentFactory="androidx.core.app.CoreComponentFactory"
106-->[androidx.core:core:1.13.0] AndroidManifest.xml:28:18-86
107        android:extractNativeLibs="false"
108        android:icon="@mipmap/ic_launcher"
108-->src\main\AndroidManifest.xml:50:9-43
109        android:label="@string/app_name"
109-->src\main\AndroidManifest.xml:51:9-41
110        android:networkSecurityConfig="@xml/network_security_config"
110-->src\main\AndroidManifest.xml:56:9-69
111        android:roundIcon="@mipmap/ic_launcher_round"
111-->src\main\AndroidManifest.xml:52:9-54
112        android:supportsRtl="true"
112-->src\main\AndroidManifest.xml:53:9-35
113        android:theme="@style/Theme.ShirurExpress"
113-->src\main\AndroidManifest.xml:54:9-51
114        android:usesCleartextTraffic="false" >
114-->src\main\AndroidManifest.xml:55:9-45
115
116        <!-- Splash Screen - App Entry Point -->
117        <activity
117-->src\main\AndroidManifest.xml:60:9-69:20
118            android:name="com.shirurexpress.app.SplashActivity"
118-->src\main\AndroidManifest.xml:61:13-43
119            android:exported="true"
119-->src\main\AndroidManifest.xml:62:13-36
120            android:noHistory="true"
120-->src\main\AndroidManifest.xml:64:13-37
121            android:theme="@style/Theme.ShirurExpress.Splash" >
121-->src\main\AndroidManifest.xml:63:13-62
122            <intent-filter>
122-->src\main\AndroidManifest.xml:65:13-68:29
123                <action android:name="android.intent.action.MAIN" />
123-->src\main\AndroidManifest.xml:66:17-69
123-->src\main\AndroidManifest.xml:66:25-66
124
125                <category android:name="android.intent.category.LAUNCHER" />
125-->src\main\AndroidManifest.xml:67:17-77
125-->src\main\AndroidManifest.xml:67:27-74
126            </intent-filter>
127        </activity>
128        <activity
128-->src\main\AndroidManifest.xml:71:9-87:20
129            android:name="com.shirurexpress.app.MainActivity"
129-->src\main\AndroidManifest.xml:72:13-41
130            android:configChanges="orientation|screenSize|keyboardHidden"
130-->src\main\AndroidManifest.xml:74:13-74
131            android:exported="true"
131-->src\main\AndroidManifest.xml:73:13-36
132            android:launchMode="singleTask"
132-->src\main\AndroidManifest.xml:75:13-44
133            android:windowSoftInputMode="adjustResize" >
133-->src\main\AndroidManifest.xml:76:13-55
134
135            <!-- Deep link handling -->
136            <intent-filter android:autoVerify="true" >
136-->src\main\AndroidManifest.xml:79:13-86:29
136-->src\main\AndroidManifest.xml:79:28-53
137                <action android:name="android.intent.action.VIEW" />
137-->src\main\AndroidManifest.xml:43:13-65
137-->src\main\AndroidManifest.xml:43:21-62
138
139                <category android:name="android.intent.category.DEFAULT" />
139-->src\main\AndroidManifest.xml:81:17-76
139-->src\main\AndroidManifest.xml:81:27-73
140                <category android:name="android.intent.category.BROWSABLE" />
140-->src\main\AndroidManifest.xml:82:17-78
140-->src\main\AndroidManifest.xml:82:27-75
141
142                <data
142-->src\main\AndroidManifest.xml:44:13-42
143                    android:host="shirur-express.onrender.com"
143-->src\main\AndroidManifest.xml:85:21-63
144                    android:scheme="https" />
144-->src\main\AndroidManifest.xml:44:19-39
145            </intent-filter>
146        </activity>
147        <activity
147-->src\main\AndroidManifest.xml:89:9-93:47
148            android:name="com.shirurexpress.app.IncomingOrderActivity"
148-->src\main\AndroidManifest.xml:90:13-50
149            android:exported="false"
149-->src\main\AndroidManifest.xml:92:13-37
150            android:showOnLockScreen="true"
150-->src\main\AndroidManifest.xml:93:13-44
151            android:theme="@style/Theme.AppCompat.NoActionBar" />
151-->src\main\AndroidManifest.xml:91:13-63
152
153        <service
153-->src\main\AndroidManifest.xml:95:9-101:19
154            android:name="com.shirurexpress.app.MyFirebaseMessagingService"
154-->src\main\AndroidManifest.xml:96:13-55
155            android:exported="false" >
155-->src\main\AndroidManifest.xml:97:13-37
156            <intent-filter>
156-->src\main\AndroidManifest.xml:98:13-100:29
157                <action android:name="com.google.firebase.MESSAGING_EVENT" />
157-->src\main\AndroidManifest.xml:99:17-78
157-->src\main\AndroidManifest.xml:99:25-75
158            </intent-filter>
159        </service>
160
161        <!-- FileProvider for camera capture -->
162        <provider
163            android:name="androidx.core.content.FileProvider"
163-->src\main\AndroidManifest.xml:105:13-62
164            android:authorities="com.shirurexpress.app.fileprovider"
164-->src\main\AndroidManifest.xml:106:13-64
165            android:exported="false"
165-->src\main\AndroidManifest.xml:107:13-37
166            android:grantUriPermissions="true" >
166-->src\main\AndroidManifest.xml:108:13-47
167            <meta-data
167-->src\main\AndroidManifest.xml:109:13-111:54
168                android:name="android.support.FILE_PROVIDER_PATHS"
168-->src\main\AndroidManifest.xml:110:17-67
169                android:resource="@xml/file_paths" />
169-->src\main\AndroidManifest.xml:111:17-51
170        </provider>
171
172        <!-- Facebook SDK Configuration for Meta Ads -->
173        <meta-data
173-->src\main\AndroidManifest.xml:115:9-117:55
174            android:name="com.facebook.sdk.ApplicationId"
174-->src\main\AndroidManifest.xml:116:13-58
175            android:value="@string/facebook_app_id" />
175-->src\main\AndroidManifest.xml:117:13-52
176        <meta-data
176-->src\main\AndroidManifest.xml:118:9-120:61
177            android:name="com.facebook.sdk.ClientToken"
177-->src\main\AndroidManifest.xml:119:13-56
178            android:value="@string/facebook_client_token" />
178-->src\main\AndroidManifest.xml:120:13-58
179
180        <!-- Facebook ContentProvider (required by SDK for initialization) -->
181        <provider
181-->src\main\AndroidManifest.xml:123:9-126:39
182            android:name="com.facebook.FacebookContentProvider"
182-->src\main\AndroidManifest.xml:124:13-64
183            android:authorities="com.facebook.app.FacebookContentProvider@string/facebook_app_id"
183-->src\main\AndroidManifest.xml:125:13-98
184            android:exported="true" />
184-->src\main\AndroidManifest.xml:126:13-36
185
186        <activity
186-->[com.facebook.android:facebook-common:17.0.2] AndroidManifest.xml:22:9-25:66
187            android:name="com.facebook.FacebookActivity"
187-->[com.facebook.android:facebook-common:17.0.2] AndroidManifest.xml:23:13-57
188            android:configChanges="keyboard|keyboardHidden|screenLayout|screenSize|orientation"
188-->[com.facebook.android:facebook-common:17.0.2] AndroidManifest.xml:24:13-96
189            android:theme="@style/com_facebook_activity_theme" />
189-->[com.facebook.android:facebook-common:17.0.2] AndroidManifest.xml:25:13-63
190        <activity android:name="com.facebook.CustomTabMainActivity" />
190-->[com.facebook.android:facebook-common:17.0.2] AndroidManifest.xml:26:9-71
190-->[com.facebook.android:facebook-common:17.0.2] AndroidManifest.xml:26:19-68
191        <activity
191-->[com.facebook.android:facebook-common:17.0.2] AndroidManifest.xml:27:9-41:20
192            android:name="com.facebook.CustomTabActivity"
192-->[com.facebook.android:facebook-common:17.0.2] AndroidManifest.xml:28:13-58
193            android:exported="true" >
193-->[com.facebook.android:facebook-common:17.0.2] AndroidManifest.xml:29:13-36
194            <intent-filter>
194-->[com.facebook.android:facebook-common:17.0.2] AndroidManifest.xml:31:13-40:29
195                <action android:name="android.intent.action.VIEW" />
195-->src\main\AndroidManifest.xml:43:13-65
195-->src\main\AndroidManifest.xml:43:21-62
196
197                <category android:name="android.intent.category.DEFAULT" />
197-->src\main\AndroidManifest.xml:81:17-76
197-->src\main\AndroidManifest.xml:81:27-73
198                <category android:name="android.intent.category.BROWSABLE" />
198-->src\main\AndroidManifest.xml:82:17-78
198-->src\main\AndroidManifest.xml:82:27-75
199
200                <data
200-->src\main\AndroidManifest.xml:44:13-42
201                    android:host="cct.com.shirurexpress.app"
201-->src\main\AndroidManifest.xml:85:21-63
202                    android:scheme="fbconnect" />
202-->src\main\AndroidManifest.xml:44:19-39
203            </intent-filter>
204        </activity>
205
206        <receiver
206-->[com.google.firebase:firebase-messaging:23.4.0] AndroidManifest.xml:29:9-40:20
207            android:name="com.google.firebase.iid.FirebaseInstanceIdReceiver"
207-->[com.google.firebase:firebase-messaging:23.4.0] AndroidManifest.xml:30:13-78
208            android:exported="true"
208-->[com.google.firebase:firebase-messaging:23.4.0] AndroidManifest.xml:31:13-36
209            android:permission="com.google.android.c2dm.permission.SEND" >
209-->[com.google.firebase:firebase-messaging:23.4.0] AndroidManifest.xml:32:13-73
210            <intent-filter>
210-->[com.google.firebase:firebase-messaging:23.4.0] AndroidManifest.xml:33:13-35:29
211                <action android:name="com.google.android.c2dm.intent.RECEIVE" />
211-->[com.google.firebase:firebase-messaging:23.4.0] AndroidManifest.xml:34:17-81
211-->[com.google.firebase:firebase-messaging:23.4.0] AndroidManifest.xml:34:25-78
212            </intent-filter>
213
214            <meta-data
214-->[com.google.firebase:firebase-messaging:23.4.0] AndroidManifest.xml:37:13-39:40
215                android:name="com.google.android.gms.cloudmessaging.FINISHED_AFTER_HANDLED"
215-->[com.google.firebase:firebase-messaging:23.4.0] AndroidManifest.xml:38:17-92
216                android:value="true" />
216-->[com.google.firebase:firebase-messaging:23.4.0] AndroidManifest.xml:39:17-37
217        </receiver>
218        <!--
219             FirebaseMessagingService performs security checks at runtime,
220             but set to not exported to explicitly avoid allowing another app to call it.
221        -->
222        <service
222-->[com.google.firebase:firebase-messaging:23.4.0] AndroidManifest.xml:46:9-53:19
223            android:name="com.google.firebase.messaging.FirebaseMessagingService"
223-->[com.google.firebase:firebase-messaging:23.4.0] AndroidManifest.xml:47:13-82
224            android:directBootAware="true"
224-->[com.google.firebase:firebase-messaging:23.4.0] AndroidManifest.xml:48:13-43
225            android:exported="false" >
225-->[com.google.firebase:firebase-messaging:23.4.0] AndroidManifest.xml:49:13-37
226            <intent-filter android:priority="-500" >
226-->src\main\AndroidManifest.xml:98:13-100:29
227                <action android:name="com.google.firebase.MESSAGING_EVENT" />
227-->src\main\AndroidManifest.xml:99:17-78
227-->src\main\AndroidManifest.xml:99:25-75
228            </intent-filter>
229        </service>
230        <service
230-->[com.google.firebase:firebase-messaging:23.4.0] AndroidManifest.xml:54:9-63:19
231            android:name="com.google.firebase.components.ComponentDiscoveryService"
231-->[com.google.firebase:firebase-messaging:23.4.0] AndroidManifest.xml:55:13-84
232            android:directBootAware="true"
232-->[com.google.firebase:firebase-common:20.4.2] AndroidManifest.xml:32:13-43
233            android:exported="false" >
233-->[com.google.firebase:firebase-messaging:23.4.0] AndroidManifest.xml:56:13-37
234            <meta-data
234-->[com.google.firebase:firebase-messaging:23.4.0] AndroidManifest.xml:57:13-59:85
235                android:name="com.google.firebase.components:com.google.firebase.messaging.FirebaseMessagingKtxRegistrar"
235-->[com.google.firebase:firebase-messaging:23.4.0] AndroidManifest.xml:58:17-122
236                android:value="com.google.firebase.components.ComponentRegistrar" />
236-->[com.google.firebase:firebase-messaging:23.4.0] AndroidManifest.xml:59:17-82
237            <meta-data
237-->[com.google.firebase:firebase-messaging:23.4.0] AndroidManifest.xml:60:13-62:85
238                android:name="com.google.firebase.components:com.google.firebase.messaging.FirebaseMessagingRegistrar"
238-->[com.google.firebase:firebase-messaging:23.4.0] AndroidManifest.xml:61:17-119
239                android:value="com.google.firebase.components.ComponentRegistrar" />
239-->[com.google.firebase:firebase-messaging:23.4.0] AndroidManifest.xml:62:17-82
240            <meta-data
240-->[com.google.android.gms:play-services-measurement-api:21.5.0] AndroidManifest.xml:37:13-39:85
241                android:name="com.google.firebase.components:com.google.firebase.analytics.connector.internal.AnalyticsConnectorRegistrar"
241-->[com.google.android.gms:play-services-measurement-api:21.5.0] AndroidManifest.xml:38:17-139
242                android:value="com.google.firebase.components.ComponentRegistrar" />
242-->[com.google.android.gms:play-services-measurement-api:21.5.0] AndroidManifest.xml:39:17-82
243            <meta-data
243-->[com.google.firebase:firebase-installations:17.2.0] AndroidManifest.xml:15:13-17:85
244                android:name="com.google.firebase.components:com.google.firebase.installations.FirebaseInstallationsKtxRegistrar"
244-->[com.google.firebase:firebase-installations:17.2.0] AndroidManifest.xml:16:17-130
245                android:value="com.google.firebase.components.ComponentRegistrar" />
245-->[com.google.firebase:firebase-installations:17.2.0] AndroidManifest.xml:17:17-82
246            <meta-data
246-->[com.google.firebase:firebase-installations:17.2.0] AndroidManifest.xml:18:13-20:85
247                android:name="com.google.firebase.components:com.google.firebase.installations.FirebaseInstallationsRegistrar"
247-->[com.google.firebase:firebase-installations:17.2.0] AndroidManifest.xml:19:17-127
248                android:value="com.google.firebase.components.ComponentRegistrar" />
248-->[com.google.firebase:firebase-installations:17.2.0] AndroidManifest.xml:20:17-82
249            <meta-data
249-->[com.google.firebase:firebase-common-ktx:20.4.2] AndroidManifest.xml:12:13-14:85
250                android:name="com.google.firebase.components:com.google.firebase.ktx.FirebaseCommonLegacyRegistrar"
250-->[com.google.firebase:firebase-common-ktx:20.4.2] AndroidManifest.xml:13:17-116
251                android:value="com.google.firebase.components.ComponentRegistrar" />
251-->[com.google.firebase:firebase-common-ktx:20.4.2] AndroidManifest.xml:14:17-82
252            <meta-data
252-->[com.google.firebase:firebase-common:20.4.2] AndroidManifest.xml:35:13-37:85
253                android:name="com.google.firebase.components:com.google.firebase.FirebaseCommonKtxRegistrar"
253-->[com.google.firebase:firebase-common:20.4.2] AndroidManifest.xml:36:17-109
254                android:value="com.google.firebase.components.ComponentRegistrar" />
254-->[com.google.firebase:firebase-common:20.4.2] AndroidManifest.xml:37:17-82
255            <meta-data
255-->[com.google.firebase:firebase-datatransport:18.1.7] AndroidManifest.xml:27:13-29:85
256                android:name="com.google.firebase.components:com.google.firebase.datatransport.TransportRegistrar"
256-->[com.google.firebase:firebase-datatransport:18.1.7] AndroidManifest.xml:28:17-115
257                android:value="com.google.firebase.components.ComponentRegistrar" />
257-->[com.google.firebase:firebase-datatransport:18.1.7] AndroidManifest.xml:29:17-82
258        </service>
259
260        <activity
260-->[com.google.android.gms:play-services-auth:17.0.0] AndroidManifest.xml:23:9-27:75
261            android:name="com.google.android.gms.auth.api.signin.internal.SignInHubActivity"
261-->[com.google.android.gms:play-services-auth:17.0.0] AndroidManifest.xml:24:13-93
262            android:excludeFromRecents="true"
262-->[com.google.android.gms:play-services-auth:17.0.0] AndroidManifest.xml:25:13-46
263            android:exported="false"
263-->[com.google.android.gms:play-services-auth:17.0.0] AndroidManifest.xml:26:13-37
264            android:theme="@android:style/Theme.Translucent.NoTitleBar" />
264-->[com.google.android.gms:play-services-auth:17.0.0] AndroidManifest.xml:27:13-72
265        <!--
266            Service handling Google Sign-In user revocation. For apps that do not integrate with
267            Google Sign-In, this service will never be started.
268        -->
269        <service
269-->[com.google.android.gms:play-services-auth:17.0.0] AndroidManifest.xml:33:9-36:110
270            android:name="com.google.android.gms.auth.api.signin.RevocationBoundService"
270-->[com.google.android.gms:play-services-auth:17.0.0] AndroidManifest.xml:34:13-89
271            android:exported="true"
271-->[com.google.android.gms:play-services-auth:17.0.0] AndroidManifest.xml:35:13-36
272            android:permission="com.google.android.gms.auth.api.signin.permission.REVOCATION_NOTIFICATION" /> <!-- Needs to be explicitly declared on P+ -->
272-->[com.google.android.gms:play-services-auth:17.0.0] AndroidManifest.xml:36:13-107
273        <uses-library
273-->[com.google.android.gms:play-services-maps:17.0.0] AndroidManifest.xml:33:9-35:40
274            android:name="org.apache.http.legacy"
274-->[com.google.android.gms:play-services-maps:17.0.0] AndroidManifest.xml:34:13-50
275            android:required="false" />
275-->[com.google.android.gms:play-services-maps:17.0.0] AndroidManifest.xml:35:13-37
276
277        <activity
277-->[com.google.android.gms:play-services-base:18.1.0] AndroidManifest.xml:20:9-22:45
278            android:name="com.google.android.gms.common.api.GoogleApiActivity"
278-->[com.google.android.gms:play-services-base:18.1.0] AndroidManifest.xml:20:19-85
279            android:exported="false"
279-->[com.google.android.gms:play-services-base:18.1.0] AndroidManifest.xml:22:19-43
280            android:theme="@android:style/Theme.Translucent.NoTitleBar" />
280-->[com.google.android.gms:play-services-base:18.1.0] AndroidManifest.xml:21:19-78
281
282        <property
282-->[com.google.android.gms:play-services-measurement-api:21.5.0] AndroidManifest.xml:30:9-32:61
283            android:name="android.adservices.AD_SERVICES_CONFIG"
283-->[com.google.android.gms:play-services-measurement-api:21.5.0] AndroidManifest.xml:31:13-65
284            android:resource="@xml/ga_ad_services_config" />
284-->[com.google.android.gms:play-services-measurement-api:21.5.0] AndroidManifest.xml:32:13-58
285
286        <provider
286-->[com.google.firebase:firebase-common:20.4.2] AndroidManifest.xml:23:9-28:39
287            android:name="com.google.firebase.provider.FirebaseInitProvider"
287-->[com.google.firebase:firebase-common:20.4.2] AndroidManifest.xml:24:13-77
288            android:authorities="com.shirurexpress.app.firebaseinitprovider"
288-->[com.google.firebase:firebase-common:20.4.2] AndroidManifest.xml:25:13-72
289            android:directBootAware="true"
289-->[com.google.firebase:firebase-common:20.4.2] AndroidManifest.xml:26:13-43
290            android:exported="false"
290-->[com.google.firebase:firebase-common:20.4.2] AndroidManifest.xml:27:13-37
291            android:initOrder="100" />
291-->[com.google.firebase:firebase-common:20.4.2] AndroidManifest.xml:28:13-36
292
293        <receiver
293-->[com.google.android.gms:play-services-measurement:21.5.0] AndroidManifest.xml:29:9-33:20
294            android:name="com.google.android.gms.measurement.AppMeasurementReceiver"
294-->[com.google.android.gms:play-services-measurement:21.5.0] AndroidManifest.xml:30:13-85
295            android:enabled="true"
295-->[com.google.android.gms:play-services-measurement:21.5.0] AndroidManifest.xml:31:13-35
296            android:exported="false" >
296-->[com.google.android.gms:play-services-measurement:21.5.0] AndroidManifest.xml:32:13-37
297        </receiver>
298
299        <service
299-->[com.google.android.gms:play-services-measurement:21.5.0] AndroidManifest.xml:35:9-38:40
300            android:name="com.google.android.gms.measurement.AppMeasurementService"
300-->[com.google.android.gms:play-services-measurement:21.5.0] AndroidManifest.xml:36:13-84
301            android:enabled="true"
301-->[com.google.android.gms:play-services-measurement:21.5.0] AndroidManifest.xml:37:13-35
302            android:exported="false" />
302-->[com.google.android.gms:play-services-measurement:21.5.0] AndroidManifest.xml:38:13-37
303        <service
303-->[com.google.android.gms:play-services-measurement:21.5.0] AndroidManifest.xml:39:9-43:72